# JRE version: Java(TM) SE Runtime Environment (19.0.2+7) (build 19.0.2+7-44)
# Java VM: Java HotSpot(TM) 64-Bit Server VM (19.0.2+7-44, mixed mode, sharing, tiered, compressed oops, compressed class ptrs, g1 gc, windows-amd64)
GC Precious Log:
 CardTable entry size: 512
 Card Set container configuration: InlinePtr #cards 5 size 8 Array Of Cards #cards 12 size 40 Howl #buckets 4 coarsen threshold 1843 Howl Bitmap #cards 512 size 80 coarsen threshold 460 Card regions per heap region 1 cards per card region 2048
 CPUs: 4 total, 4 available
 Memory: 8078M
 Large Page Support: Disabled
 NUMA Support: Disabled
 Compressed Oops: Enabled (32-bit)
 Heap Region Size: 1M
 Heap Min Capacity: 256M
 Heap Initial Capacity: 256M
 Heap Max Capacity: 512M
 Pre-touch: Disabled
 Parallel Workers: 4
 Concurrent Workers: 1
 Concurrent Refinement Workers: 4
 Periodic GC: Disabled
Heap:
 garbage-first heap   total 262144K, used 194539K [0x00000000e0000000, 0x0000000100000000)
  region size 1024K, 138 young (141312K), 2 survivors (2048K)
 Metaspace       used 65154K, committed 67136K, reserved 380928K
  class space    used 8803K, committed 9856K, reserved 315392K
GC Heap History (20 events):
Event: 3.679 GC heap before
{Heap before GC invocations=2 (full 0):
 garbage-first heap   total 262144K, used 34373K [0x00000000e0000000, 0x0000000100000000)
  region size 1024K, 26 young (26624K), 3 survivors (3072K)
 Metaspace       used 4181K, committed 4352K, reserved 380928K
  class space    used 487K, committed 576K, reserved 315392K
}
Event: 3.684 GC heap after
{Heap after GC invocations=3 (full 0):
 garbage-first heap   total 262144K, used 13453K [0x00000000e0000000, 0x0000000100000000)
  region size 1024K, 3 young (3072K), 3 survivors (3072K)
 Metaspace       used 4181K, committed 4352K, reserved 380928K
  class space    used 487K, committed 576K, reserved 315392K
}
Event: 8.897 GC heap before
{Heap before GC invocations=3 (full 0):
 garbage-first heap   total 262144K, used 114829K [0x00000000e0000000, 0x0000000100000000)
  region size 1024K, 104 young (106496K), 3 survivors (3072K)
 Metaspace       used 20871K, committed 21504K, reserved 380928K
  class space    used 3011K, committed 3328K, reserved 315392K
}
Event: 8.915 GC heap after
{Heap after GC invocations=4 (full 0):
 garbage-first heap   total 262144K, used 22802K [0x00000000e0000000, 0x0000000100000000)
  region size 1024K, 12 young (12288K), 12 survivors (12288K)
 Metaspace       used 20871K, committed 21504K, reserved 380928K
  class space    used 3011K, committed 3328K, reserved 315392K
}
Event: 12.098 GC heap before
{Heap before GC invocations=5 (full 0):
 garbage-first heap   total 262144K, used 130322K [0x00000000e0000000, 0x0000000100000000)
  region size 1024K, 114 young (116736K), 12 survivors (12288K)
 Metaspace       used 34895K, committed 36096K, reserved 380928K
  class space    used 4757K, committed 5376K, reserved 315392K
}
Event: 12.124 GC heap after
{Heap after GC invocations=6 (full 0):
 garbage-first heap   total 262144K, used 30957K [0x00000000e0000000, 0x0000000100000000)
  region size 1024K, 9 young (9216K), 9 survivors (9216K)
 Metaspace       used 34895K, committed 36096K, reserved 380928K
  class space    used 4757K, committed 5376K, reserved 315392K
}
Event: 12.224 GC heap before
{Heap before GC invocations=6 (full 0):
 garbage-first heap   total 262144K, used 34029K [0x00000000e0000000, 0x0000000100000000)
  region size 1024K, 12 young (12288K), 9 survivors (9216K)
 Metaspace       used 35090K, committed 36352K, reserved 380928K
  class space    used 4777K, committed 5440K, reserved 315392K
}
Event: 12.244 GC heap after
{Heap after GC invocations=7 (full 0):
 garbage-first heap   total 262144K, used 31063K [0x00000000e0000000, 0x0000000100000000)
  region size 1024K, 2 young (2048K), 2 survivors (2048K)
 Metaspace       used 35090K, committed 36352K, reserved 380928K
  class space    used 4777K, committed 5440K, reserved 315392K
}
Event: 12.331 GC heap before
{Heap before GC invocations=7 (full 0):
 garbage-first heap   total 262144K, used 33111K [0x00000000e0000000, 0x0000000100000000)
  region size 1024K, 5 young (5120K), 2 survivors (2048K)
 Metaspace       used 35222K, committed 36416K, reserved 380928K
  class space    used 4795K, committed 5440K, reserved 315392K
}
Event: 12.333 GC heap after
{Heap after GC invocations=8 (full 0):
 garbage-first heap   total 262144K, used 30566K [0x00000000e0000000, 0x0000000100000000)
  region size 1024K, 1 young (1024K), 1 survivors (1024K)
 Metaspace       used 35222K, committed 36416K, reserved 380928K
  class space    used 4795K, committed 5440K, reserved 315392K
}
Event: 17.558 GC heap before
{Heap before GC invocations=9 (full 0):
 garbage-first heap   total 262144K, used 186214K [0x00000000e0000000, 0x0000000100000000)
  region size 1024K, 152 young (155648K), 1 survivors (1024K)
 Metaspace       used 56480K, committed 58176K, reserved 380928K
  class space    used 7747K, committed 8640K, reserved 315392K
}
Event: 17.581 GC heap after
{Heap after GC invocations=10 (full 0):
 garbage-first heap   total 262144K, used 41889K [0x00000000e0000000, 0x0000000100000000)
  region size 1024K, 12 young (12288K), 12 survivors (12288K)
 Metaspace       used 56480K, committed 58176K, reserved 380928K
  class space    used 7747K, committed 8640K, reserved 315392K
}
Event: 17.604 GC heap before
{Heap before GC invocations=10 (full 0):
 garbage-first heap   total 262144K, used 42913K [0x00000000e0000000, 0x0000000100000000)
  region size 1024K, 13 young (13312K), 12 survivors (12288K)
 Metaspace       used 56483K, committed 58176K, reserved 380928K
  class space    used 7747K, committed 8640K, reserved 315392K
}
Event: 17.623 GC heap after
{Heap after GC invocations=11 (full 0):
 garbage-first heap   total 262144K, used 42738K [0x00000000e0000000, 0x0000000100000000)
  region size 1024K, 2 young (2048K), 2 survivors (2048K)
 Metaspace       used 56483K, committed 58176K, reserved 380928K
  class space    used 7747K, committed 8640K, reserved 315392K
}
Event: 20.027 GC heap before
{Heap before GC invocations=11 (full 0):
 garbage-first heap   total 262144K, used 102130K [0x00000000e0000000, 0x0000000100000000)
  region size 1024K, 62 young (63488K), 2 survivors (2048K)
 Metaspace       used 59299K, committed 61120K, reserved 380928K
  class space    used 8190K, committed 9152K, reserved 315392K
}
Event: 20.042 GC heap after
{Heap after GC invocations=12 (full 0):
 garbage-first heap   total 262144K, used 47545K [0x00000000e0000000, 0x0000000100000000)
  region size 1024K, 7 young (7168K), 7 survivors (7168K)
 Metaspace       used 59299K, committed 61120K, reserved 380928K
  class space    used 8190K, committed 9152K, reserved 315392K
}
Event: 24.355 GC heap before
{Heap before GC invocations=13 (full 0):
 garbage-first heap   total 262144K, used 191929K [0x00000000e0000000, 0x0000000100000000)
  region size 1024K, 149 young (152576K), 7 survivors (7168K)
 Metaspace       used 63444K, committed 65344K, reserved 380928K
  class space    used 8634K, committed 9600K, reserved 315392K
}
Event: 24.377 GC heap after
{Heap after GC invocations=14 (full 0):
 garbage-first heap   total 262144K, used 56140K [0x00000000e0000000, 0x0000000100000000)
  region size 1024K, 15 young (15360K), 15 survivors (15360K)
 Metaspace       used 63444K, committed 65344K, reserved 380928K
  class space    used 8634K, committed 9600K, reserved 315392K
}
Event: 24.396 GC heap before
{Heap before GC invocations=14 (full 0):
 garbage-first heap   total 262144K, used 57164K [0x00000000e0000000, 0x0000000100000000)
  region size 1024K, 16 young (16384K), 15 survivors (15360K)
 Metaspace       used 63457K, committed 65344K, reserved 380928K
  class space    used 8634K, committed 9600K, reserved 315392K
}
Event: 24.427 GC heap after
{Heap after GC invocations=15 (full 0):
 garbage-first heap   total 262144K, used 57323K [0x00000000e0000000, 0x0000000100000000)
  region size 1024K, 2 young (2048K), 2 survivors (2048K)
 Metaspace       used 63457K, committed 65344K, reserved 380928K
  class space    used 8634K, committed 9600K, reserved 315392K
}

